#
# There is insufficient memory for the Java Runtime Environment to continue.
# Native memory allocation (malloc) failed to allocate 1048576 bytes for AllocateHeap
# Possible reasons:
#   The system is out of physical RAM or swap space
#   The process is running with CompressedOops enabled, and the Java Heap may be blocking the growth of the native heap
# Possible solutions:
#   Reduce memory load on the system
#   Increase physical memory or swap space
#   Check if swap backing store is full
#   Decrease Java heap size (-Xmx/-Xms)
#   Decrease number of Java threads
#   Decrease Java thread stack sizes (-Xss)
#   Set larger code cache with -XX:ReservedCodeCacheSize=
#   JVM is running with Unscaled Compressed Oops mode in which the Java heap is
#     placed in the first 4GB address space. The Java Heap base address is the
#     maximum limit for the native heap growth. Please use -XX:HeapBaseMinAddress
#     to set the Java Heap base and to place the Java Heap above 4GB virtual address.
# This output file may be truncated or incomplete.
#
#  Out of Memory Error (./src/hotspot/share/memory/allocation.cpp:46), pid=2512, tid=4612
#
# JRE version: OpenJDK Runtime Environment Corretto-11.0.15.9.1 (11.0.15+9) (build 11.0.15+9-LTS)
# Java VM: OpenJDK 64-Bit Server VM Corretto-11.0.15.9.1 (11.0.15+9-LTS, mixed mode, tiered, compressed oops, g1 gc, windows-amd64)
# No core dump will be written. Minidumps are not enabled by default on client versions of Windows
#

---------------  S U M M A R Y ------------

Command Line: -Dmaven.multiModuleProjectDirectory=C:\Users\Olga\IdeaProjects\Maven10 -Dmaven.home=C:\Program Files\JetBrains\IntelliJ IDEA Community Edition 2022.1.2\plugins\maven\lib\maven3 -Dclassworlds.conf=C:\Program Files\JetBrains\IntelliJ IDEA Community Edition 2022.1.2\plugins\maven\lib\maven3\bin\m2.conf -Dmaven.ext.class.path=C:\Program Files\JetBrains\IntelliJ IDEA Community Edition 2022.1.2\plugins\maven\lib\maven-event-listener.jar -javaagent:C:\Program Files\JetBrains\IntelliJ IDEA Community Edition 2022.1.2\lib\idea_rt.jar=58252:C:\Program Files\JetBrains\IntelliJ IDEA Community Edition 2022.1.2\bin -Dfile.encoding=UTF-8 org.codehaus.classworlds.Launcher -Didea.version=2022.1.2 clean verify

Host: AMD A6-3410MX APU with Radeon(tm) HD Graphics, 4 cores, 5G,  Windows 10 , 64 bit Build 19041 (10.0.19041.1806)
Time: Thu Aug 11 14:27:14 2022  Windows 10 , 64 bit Build 19041 (10.0.19041.1806) elapsed time: 76.454162 seconds (0d 0h 1m 16s)

---------------  T H R E A D  ---------------

Current thread (0x000001c46d17e000):  VMThread "VM Thread" [stack: 0x00000045d9200000,0x00000045d9300000] [id=4612]

Stack: [0x00000045d9200000,0x00000045d9300000]
[error occurred during error reporting (printing stack bounds), id 0xc0000005, EXCEPTION_ACCESS_VIOLATION (0xc0000005) at pc=0x000001c45817113d]

Native frames: (J=compiled Java code, j=interpreted, Vv=VM code, C=native code)
V  [jvm.dll+0x61e7ba]
V  [jvm.dll+0x7ab749]
V  [jvm.dll+0x7ace38]
V  [jvm.dll+0x7ad475]
V  [jvm.dll+0x7ad42b]
V  [jvm.dll+0x61db47]
V  [jvm.dll+0x61e258]
C  [ntdll.dll+0xa229f]
C  [ntdll.dll+0x51454]
C  [ntdll.dll+0xa0dce]
C  0x000001c45817113d

VM_Operation (0x00000045d8cfb4f0): CollectForMetadataAllocation, mode: safepoint, requested by thread 0x000001c44f9fa000


---------------  P R O C E S S  ---------------

Threads class SMR info:
_java_thread_list=0x000001c478ee77d0, length=10, elements={
0x000001c44f9fa000, 0x000001c46d1a4800, 0x000001c46d1a5000, 0x000001c46d208000,
0x000001c46d209000, 0x000001c46d20a000, 0x000001c46d20e800, 0x000001c46d211000,
0x000001c46dba3000, 0x000001c46d154800
}

Java Threads: ( => current thread )
  0x000001c44f9fa000 JavaThread "main" [_thread_blocked, id=11620, stack(0x00000045d8c00000,0x00000045d8d00000)]
  0x000001c46d1a4800 JavaThread "Reference Handler" daemon [_thread_blocked, id=11692, stack(0x00000045d9300000,0x00000045d9400000)]
  0x000001c46d1a5000 JavaThread "Finalizer" daemon [_thread_blocked, id=7476, stack(0x00000045d9400000,0x00000045d9500000)]
  0x000001c46d208000 JavaThread "Signal Dispatcher" daemon [_thread_blocked, id=7304, stack(0x00000045d9500000,0x00000045d9600000)]
  0x000001c46d209000 JavaThread "Attach Listener" daemon [_thread_blocked, id=3568, stack(0x00000045d9600000,0x00000045d9700000)]
  0x000001c46d20a000 JavaThread "Service Thread" daemon [_thread_blocked, id=4264, stack(0x00000045d9700000,0x00000045d9800000)]
  0x000001c46d20e800 JavaThread "C2 CompilerThread0" daemon [_thread_blocked, id=7496, stack(0x00000045d9800000,0x00000045d9900000)]
  0x000001c46d211000 JavaThread "C1 CompilerThread0" daemon [_thread_blocked, id=9784, stack(0x00000045d9900000,0x00000045d9a00000)]
  0x000001c46dba3000 JavaThread "Sweeper thread" daemon [_thread_blocked, id=7640, stack(0x00000045d9a00000,0x00000045d9b00000)]
  0x000001c46d154800 JavaThread "Common-Cleaner" daemon [_thread_blocked, id=2632, stack(0x00000045d9b00000,0x00000045d9c00000)]

Other Threads:
=>0x000001c46d17e000 VMThread "VM Thread" [stack: 0x00000045d9200000,0x00000045d9300000] [id=4612]
  0x000001c46dd6c000 WatcherThread [stack: 0x00000045d9d00000,0x00000045d9e00000] [id=6744]
  0x000001c44fa13000 GCTaskThread "GC Thread#0" [stack: 0x00000045d8d00000,0x00000045d8e00000] [id=820]
  0x000001c46e4db800 GCTaskThread "GC Thread#1" [stack: 0x00000045d9c00000,0x00000045d9d00000] [id=8944]
  0x000001c44fa35800 ConcurrentGCThread "G1 Main Marker" [stack: 0x00000045d8e00000,0x00000045d8f00000] [id=3720]
  0x000001c44fa37800 ConcurrentGCThread "G1 Conc#0" [stack: 0x00000045d8f00000,0x00000045d9000000] [id=1076]
  0x000001c44fa98000 ConcurrentGCThread "G1 Refine#0" [stack: 0x00000045d9000000,0x00000045d9100000] [id=736]
  0x000001c44fa99000 ConcurrentGCThread "G1 Young RemSet Sampling" [stack: 0x00000045d9100000,0x00000045d9200000] [id=3652]

Threads with active compile tasks:
C2 CompilerThread0    76477 4307       4       jdk.internal.jimage.BasicImageReader::getString (48 bytes)

VM state:at safepoint (normal execution)

VM Mutex/Monitor currently owned by a thread:  ([mutex/lock_event])
[0x000001c44f9f70e0] Threads_lock - owner thread: 0x000001c46d17e000
[0x000001c44f9f78c0] Heap_lock - owner thread: 0x000001c44f9fa000

Heap address: 0x00000000a8400000, size: 1404 MB, Compressed Oops mode: 32-bit
Narrow klass base: 0x0000000000000000, Narrow klass shift: 3
Compressed class space size: 1073741824 Address: 0x0000000100000000

Heap:
 garbage-first heap   total 90112K, used 13282K [0x00000000a8400000, 0x0000000100000000)
  region size 1024K, 5 young (5120K), 5 survivors (5120K)
 Metaspace       used 27499K, capacity 28092K, committed 28208K, reserved 1083392K
  class space    used 2913K, capacity 3109K, committed 3200K, reserved 1048576K
Heap Regions: E=young(eden), S=young(survivor), O=old, HS=humongous(starts), HC=humongous(continues), CS=collection set, F=free, A=archive, TAMS=top-at-mark-start (previous, next)
|   0|0x00000000a8400000, 0x00000000a8500000, 0x00000000a8500000|100%| O|  |TAMS 0x00000000a8500000, 0x00000000a8500000| Untracked 
|   1|0x00000000a8500000, 0x00000000a8600000, 0x00000000a8600000|100%| O|  |TAMS 0x00000000a8600000, 0x00000000a8600000| Untracked 
|   2|0x00000000a8600000, 0x00000000a8700000, 0x00000000a8700000|100%| O|  |TAMS 0x00000000a8700000, 0x00000000a8700000| Untracked 
|   3|0x00000000a8700000, 0x00000000a8800000, 0x00000000a8800000|100%| O|  |TAMS 0x00000000a8789200, 0x00000000a8800000| Untracked 
|   4|0x00000000a8800000, 0x00000000a8900000, 0x00000000a8900000|100%| O|  |TAMS 0x00000000a8800000, 0x00000000a8900000| Untracked 
|   5|0x00000000a8900000, 0x00000000a8a00000, 0x00000000a8a00000|100%| O|  |TAMS 0x00000000a8900000, 0x00000000a8a00000| Untracked 
|   6|0x00000000a8a00000, 0x00000000a8b00000, 0x00000000a8b00000|100%| O|  |TAMS 0x00000000a8a00000, 0x00000000a8b00000| Untracked 
|   7|0x00000000a8b00000, 0x00000000a8c00000, 0x00000000a8c00000|100%| O|  |TAMS 0x00000000a8b00000, 0x00000000a8c00000| Untracked 
|   8|0x00000000a8c00000, 0x00000000a8c47a00, 0x00000000a8d00000| 27%| O|  |TAMS 0x00000000a8c00000, 0x00000000a8c47a00| Untracked 
|   9|0x00000000a8d00000, 0x00000000a8d00000, 0x00000000a8e00000|  0%| F|  |TAMS 0x00000000a8d00000, 0x00000000a8d00000| Untracked 
|  10|0x00000000a8e00000, 0x00000000a8e00000, 0x00000000a8f00000|  0%| F|  |TAMS 0x00000000a8e00000, 0x00000000a8e00000| Untracked 
|  11|0x00000000a8f00000, 0x00000000a8f00000, 0x00000000a9000000|  0%| F|  |TAMS 0x00000000a8f00000, 0x00000000a8f00000| Untracked 
|  12|0x00000000a9000000, 0x00000000a9000000, 0x00000000a9100000|  0%| F|  |TAMS 0x00000000a9000000, 0x00000000a9000000| Untracked 
|  13|0x00000000a9100000, 0x00000000a9100000, 0x00000000a9200000|  0%| F|  |TAMS 0x00000000a9100000, 0x00000000a9100000| Untracked 
|  14|0x00000000a9200000, 0x00000000a9200000, 0x00000000a9300000|  0%| F|  |TAMS 0x00000000a9200000, 0x00000000a9200000| Untracked 
|  15|0x00000000a9300000, 0x00000000a9300000, 0x00000000a9400000|  0%| F|  |TAMS 0x00000000a9300000, 0x00000000a9300000| Untracked 
|  16|0x00000000a9400000, 0x00000000a9400000, 0x00000000a9500000|  0%| F|  |TAMS 0x00000000a9400000, 0x00000000a9400000| Untracked 
|  17|0x00000000a9500000, 0x00000000a9500000, 0x00000000a9600000|  0%| F|  |TAMS 0x00000000a9500000, 0x00000000a9500000| Untracked 
|  18|0x00000000a9600000, 0x00000000a9600000, 0x00000000a9700000|  0%| F|  |TAMS 0x00000000a9600000, 0x00000000a9600000| Untracked 
|  19|0x00000000a9700000, 0x00000000a9700000, 0x00000000a9800000|  0%| F|  |TAMS 0x00000000a9700000, 0x00000000a9700000| Untracked 
|  20|0x00000000a9800000, 0x00000000a9800000, 0x00000000a9900000|  0%| F|  |TAMS 0x00000000a9800000, 0x00000000a9800000| Untracked 
|  21|0x00000000a9900000, 0x00000000a9900000, 0x00000000a9a00000|  0%| F|  |TAMS 0x00000000a9900000, 0x00000000a9900000| Untracked 
|  22|0x00000000a9a00000, 0x00000000a9a00000, 0x00000000a9b00000|  0%| F|  |TAMS 0x00000000a9a00000, 0x00000000a9a00000| Untracked 
|  23|0x00000000a9b00000, 0x00000000a9b00000, 0x00000000a9c00000|  0%| F|  |TAMS 0x00000000a9b00000, 0x00000000a9b00000| Untracked 
|  24|0x00000000a9c00000, 0x00000000a9c00000, 0x00000000a9d00000|  0%| F|  |TAMS 0x00000000a9c00000, 0x00000000a9c00000| Untracked 
|  25|0x00000000a9d00000, 0x00000000a9d00000, 0x00000000a9e00000|  0%| F|  |TAMS 0x00000000a9d00000, 0x00000000a9d00000| Untracked 
|  26|0x00000000a9e00000, 0x00000000a9e00000, 0x00000000a9f00000|  0%| F|  |TAMS 0x00000000a9e00000, 0x00000000a9e00000| Untracked 
|  27|0x00000000a9f00000, 0x00000000a9f00000, 0x00000000aa000000|  0%| F|  |TAMS 0x00000000a9f00000, 0x00000000a9f00000| Untracked 
|  28|0x00000000aa000000, 0x00000000aa000000, 0x00000000aa100000|  0%| F|  |TAMS 0x00000000aa000000, 0x00000000aa000000| Untracked 
|  29|0x00000000aa100000, 0x00000000aa100000, 0x00000000aa200000|  0%| F|  |TAMS 0x00000000aa100000, 0x00000000aa100000| Untracked 
|  30|0x00000000aa200000, 0x00000000aa200000, 0x00000000aa300000|  0%| F|  |TAMS 0x00000000aa200000, 0x00000000aa200000| Untracked 
|  31|0x00000000aa300000, 0x00000000aa300000, 0x00000000aa400000|  0%| F|  |TAMS 0x00000000aa300000, 0x00000000aa300000| Untracked 
|  32|0x00000000aa400000, 0x00000000aa400000, 0x00000000aa500000|  0%| F|  |TAMS 0x00000000aa400000, 0x00000000aa400000| Untracked 
|  33|0x00000000aa500000, 0x00000000aa500000, 0x00000000aa600000|  0%| F|  |TAMS 0x00000000aa500000, 0x00000000aa500000| Untracked 
|  34|0x00000000aa600000, 0x00000000aa600000, 0x00000000aa700000|  0%| F|  |TAMS 0x00000000aa600000, 0x00000000aa600000| Untracked 
|  35|0x00000000aa700000, 0x00000000aa700000, 0x00000000aa800000|  0%| F|  |TAMS 0x00000000aa700000, 0x00000000aa700000| Untracked 
|  36|0x00000000aa800000, 0x00000000aa800000, 0x00000000aa900000|  0%| F|  |TAMS 0x00000000aa800000, 0x00000000aa800000| Untracked 
|  37|0x00000000aa900000, 0x00000000aa900000, 0x00000000aaa00000|  0%| F|  |TAMS 0x00000000aa900000, 0x00000000aa900000| Untracked 
|  38|0x00000000aaa00000, 0x00000000aaa00000, 0x00000000aab00000|  0%| F|  |TAMS 0x00000000aaa00000, 0x00000000aaa00000| Untracked 
|  39|0x00000000aab00000, 0x00000000aab00000, 0x00000000aac00000|  0%| F|  |TAMS 0x00000000aab00000, 0x00000000aab00000| Untracked 
|  40|0x00000000aac00000, 0x00000000aacb0f60, 0x00000000aad00000| 69%| S|CS|TAMS 0x00000000aac00000, 0x00000000aac00000| Complete 
|  41|0x00000000aad00000, 0x00000000aae00000, 0x00000000aae00000|100%| S|CS|TAMS 0x00000000aad00000, 0x00000000aad00000| Complete 
|  42|0x00000000aae00000, 0x00000000aaf00000, 0x00000000aaf00000|100%| S|CS|TAMS 0x00000000aae00000, 0x00000000aae00000| Complete 
|  43|0x00000000aaf00000, 0x00000000ab000000, 0x00000000ab000000|100%| S|CS|TAMS 0x00000000aaf00000, 0x00000000aaf00000| Complete 
|  44|0x00000000ab000000, 0x00000000ab100000, 0x00000000ab100000|100%| S|CS|TAMS 0x00000000ab000000, 0x00000000ab000000| Complete 
|  45|0x00000000ab100000, 0x00000000ab100000, 0x00000000ab200000|  0%| F|  |TAMS 0x00000000ab100000, 0x00000000ab100000| Untracked 
|  46|0x00000000ab200000, 0x00000000ab200000, 0x00000000ab300000|  0%| F|  |TAMS 0x00000000ab200000, 0x00000000ab200000| Untracked 
|  47|0x00000000ab300000, 0x00000000ab300000, 0x00000000ab400000|  0%| F|  |TAMS 0x00000000ab300000, 0x00000000ab300000| Untracked 
|  48|0x00000000ab400000, 0x00000000ab400000, 0x00000000ab500000|  0%| F|  |TAMS 0x00000000ab400000, 0x00000000ab400000| Untracked 
|  49|0x00000000ab500000, 0x00000000ab500000, 0x00000000ab600000|  0%| F|  |TAMS 0x00000000ab500000, 0x00000000ab500000| Untracked 
|  50|0x00000000ab600000, 0x00000000ab600000, 0x00000000ab700000|  0%| F|  |TAMS 0x00000000ab600000, 0x00000000ab600000| Untracked 
|  51|0x00000000ab700000, 0x00000000ab700000, 0x00000000ab800000|  0%| F|  |TAMS 0x00000000ab700000, 0x00000000ab700000| Untracked 
|  52|0x00000000ab800000, 0x00000000ab800000, 0x00000000ab900000|  0%| F|  |TAMS 0x00000000ab800000, 0x00000000ab800000| Untracked 
|  53|0x00000000ab900000, 0x00000000ab900000, 0x00000000aba00000|  0%| F|  |TAMS 0x00000000ab900000, 0x00000000ab900000| Untracked 
|  54|0x00000000aba00000, 0x00000000aba00000, 0x00000000abb00000|  0%| F|  |TAMS 0x00000000aba00000, 0x00000000aba00000| Untracked 
|  55|0x00000000abb00000, 0x00000000abb00000, 0x00000000abc00000|  0%| F|  |TAMS 0x00000000abb00000, 0x00000000abb00000| Untracked 
|  56|0x00000000abc00000, 0x00000000abc00000, 0x00000000abd00000|  0%| F|  |TAMS 0x00000000abc00000, 0x00000000abc00000| Untracked 
|  57|0x00000000abd00000, 0x00000000abd00000, 0x00000000abe00000|  0%| F|  |TAMS 0x00000000abd00000, 0x00000000abd00000| Untracked 
|  58|0x00000000abe00000, 0x00000000abe00000, 0x00000000abf00000|  0%| F|  |TAMS 0x00000000abe00000, 0x00000000abe00000| Untracked 
|  59|0x00000000abf00000, 0x00000000abf00000, 0x00000000ac000000|  0%| F|  |TAMS 0x00000000abf00000, 0x00000000abf00000| Untracked 
|  60|0x00000000ac000000, 0x00000000ac000000, 0x00000000ac100000|  0%| F|  |TAMS 0x00000000ac000000, 0x00000000ac000000| Untracked 
|  61|0x00000000ac100000, 0x00000000ac100000, 0x00000000ac200000|  0%| F|  |TAMS 0x00000000ac100000, 0x00000000ac100000| Untracked 
|  62|0x00000000ac200000, 0x00000000ac200000, 0x00000000ac300000|  0%| F|  |TAMS 0x00000000ac200000, 0x00000000ac200000| Untracked 
|  63|0x00000000ac300000, 0x00000000ac300000, 0x00000000ac400000|  0%| F|  |TAMS 0x00000000ac300000, 0x00000000ac300000| Untracked 
|  64|0x00000000ac400000, 0x00000000ac400000, 0x00000000ac500000|  0%| F|  |TAMS 0x00000000ac400000, 0x00000000ac400000| Untracked 
|  65|0x00000000ac500000, 0x00000000ac500000, 0x00000000ac600000|  0%| F|  |TAMS 0x00000000ac500000, 0x00000000ac500000| Untracked 
|  66|0x00000000ac600000, 0x00000000ac600000, 0x00000000ac700000|  0%| F|  |TAMS 0x00000000ac600000, 0x00000000ac600000| Untracked 
|  67|0x00000000ac700000, 0x00000000ac700000, 0x00000000ac800000|  0%| F|  |TAMS 0x00000000ac700000, 0x00000000ac700000| Untracked 
|  68|0x00000000ac800000, 0x00000000ac800000, 0x00000000ac900000|  0%| F|  |TAMS 0x00000000ac800000, 0x00000000ac800000| Untracked 
|  69|0x00000000ac900000, 0x00000000ac900000, 0x00000000aca00000|  0%| F|  |TAMS 0x00000000ac900000, 0x00000000ac900000| Untracked 
|  70|0x00000000aca00000, 0x00000000aca00000, 0x00000000acb00000|  0%| F|  |TAMS 0x00000000aca00000, 0x00000000aca00000| Untracked 
|  71|0x00000000acb00000, 0x00000000acb00000, 0x00000000acc00000|  0%| F|  |TAMS 0x00000000acb00000, 0x00000000acb00000| Untracked 
|  72|0x00000000acc00000, 0x00000000acc00000, 0x00000000acd00000|  0%| F|  |TAMS 0x00000000acc00000, 0x00000000acc00000| Untracked 
|  73|0x00000000acd00000, 0x00000000acd00000, 0x00000000ace00000|  0%| F|  |TAMS 0x00000000acd00000, 0x00000000acd00000| Untracked 
|  74|0x00000000ace00000, 0x00000000ace00000, 0x00000000acf00000|  0%| F|  |TAMS 0x00000000ace00000, 0x00000000ace00000| Untracked 
|  75|0x00000000acf00000, 0x00000000acf00000, 0x00000000ad000000|  0%| F|  |TAMS 0x00000000acf00000, 0x00000000acf00000| Untracked 
|  76|0x00000000ad000000, 0x00000000ad000000, 0x00000000ad100000|  0%| F|  |TAMS 0x00000000ad000000, 0x00000000ad000000| Untracked 
|  77|0x00000000ad100000, 0x00000000ad100000, 0x00000000ad200000|  0%| F|  |TAMS 0x00000000ad100000, 0x00000000ad100000| Untracked 
|  78|0x00000000ad200000, 0x00000000ad200000, 0x00000000ad300000|  0%| F|  |TAMS 0x00000000ad200000, 0x00000000ad200000| Untracked 
|  79|0x00000000ad300000, 0x00000000ad300000, 0x00000000ad400000|  0%| F|  |TAMS 0x00000000ad300000, 0x00000000ad300000| Untracked 
|  80|0x00000000ad400000, 0x00000000ad400000, 0x00000000ad500000|  0%| F|  |TAMS 0x00000000ad400000, 0x00000000ad400000| Untracked 
|  81|0x00000000ad500000, 0x00000000ad500000, 0x00000000ad600000|  0%| F|  |TAMS 0x00000000ad500000, 0x00000000ad500000| Untracked 
|  82|0x00000000ad600000, 0x00000000ad600000, 0x00000000ad700000|  0%| F|  |TAMS 0x00000000ad600000, 0x00000000ad600000| Untracked 
|  83|0x00000000ad700000, 0x00000000ad700000, 0x00000000ad800000|  0%| F|  |TAMS 0x00000000ad700000, 0x00000000ad700000| Untracked 
|  84|0x00000000ad800000, 0x00000000ad800000, 0x00000000ad900000|  0%| F|  |TAMS 0x00000000ad800000, 0x00000000ad800000| Untracked 
|  85|0x00000000ad900000, 0x00000000ad900000, 0x00000000ada00000|  0%| F|  |TAMS 0x00000000ad900000, 0x00000000ad900000| Untracked 
|  86|0x00000000ada00000, 0x00000000ada00000, 0x00000000adb00000|  0%| F|  |TAMS 0x00000000ada00000, 0x00000000ada00000| Untracked 
|  87|0x00000000adb00000, 0x00000000adb00000, 0x00000000adc00000|  0%| F|  |TAMS 0x00000000adb00000, 0x00000000adb00000| Untracked 

Card table byte_map: [0x000001c467a60000,0x000001c467d20000] _byte_map_base: 0x000001c46751e000

Marking Bits (Prev, Next): (CMBitMap*) 0x000001c44fa2f000, (CMBitMap*) 0x000001c44fa2efc8
 Prev Bits: [0x000001c4695d0000, 0x000001c46abc0000)
 Next Bits: [0x000001c467fe0000, 0x000001c4695d0000)

Polling page: 0x000001c44e060000

Metaspace:

Usage:
  Non-class:     24.40 MB capacity,    24.01 MB ( 98%) used,   359.82 KB (  1%) free+waste,    36.31 KB ( <1%) overhead. 
      Class:      3.04 MB capacity,     2.84 MB ( 94%) used,   180.98 KB (  6%) free+waste,    14.94 KB ( <1%) overhead. 
       Both:     27.43 MB capacity,    26.86 MB ( 98%) used,   540.80 KB (  2%) free+waste,    51.25 KB ( <1%) overhead. 

Virtual space:
  Non-class space:       34.00 MB reserved,      24.42 MB ( 72%) committed 
      Class space:        1.00 GB reserved,       3.13 MB ( <1%) committed 
             Both:        1.03 GB reserved,      27.55 MB (  3%) committed 

Chunk freelists:
   Non-Class:  25.00 KB
       Class:  27.00 KB
        Both:  52.00 KB

MaxMetaspaceSize: 17179869184.00 GB
CompressedClassSpaceSize: 1.00 GB
Initial GC threshold: 20.80 MB
Current GC threshold: 35.40 MB
CDS: off

CodeHeap 'non-profiled nmethods': size=120064Kb used=2233Kb max_used=2233Kb free=117831Kb
 bounds [0x000001c45fc30000, 0x000001c45fea0000, 0x000001c467170000]
CodeHeap 'profiled nmethods': size=120000Kb used=9471Kb max_used=9471Kb free=110528Kb
 bounds [0x000001c458700000, 0x000001c459040000, 0x000001c45fc30000]
CodeHeap 'non-nmethods': size=5696Kb used=1179Kb max_used=1207Kb free=4516Kb
 bounds [0x000001c458170000, 0x000001c4583e0000, 0x000001c458700000]
 total_blobs=4745 nmethods=4303 adapters=355
 compilation: enabled
              stopped_count=0, restarted_count=0
 full_count=0

Compilation events (20 events):
Event: 76.273 Thread 0x000001c46d211000 nmethod 4299 0x000001c459037d10 code [0x000001c459038000, 0x000001c459038f98]
Event: 76.279 Thread 0x000001c46d211000 4300       3       java.lang.invoke.MemberName::isMethod (7 bytes)
Event: 76.280 Thread 0x000001c46d211000 nmethod 4300 0x000001c459039590 code [0x000001c459039740, 0x000001c459039978]
Event: 76.280 Thread 0x000001c46d211000 4301       3       jdk.internal.org.objectweb.asm.MethodWriter::visitMethodInsn (228 bytes)
Event: 76.281 Thread 0x000001c46d211000 nmethod 4301 0x000001c459039a90 code [0x000001c459039cc0, 0x000001c45903a2c8]
Event: 76.281 Thread 0x000001c46d211000 4302       3       jdk.internal.org.objectweb.asm.ClassWriter::newMethodItem (91 bytes)
Event: 76.282 Thread 0x000001c46d211000 nmethod 4302 0x000001c45903a590 code [0x000001c45903a7e0, 0x000001c45903ad98]
Event: 76.333 Thread 0x000001c46d20e800 4303       4       java.lang.String::regionMatches (187 bytes)
Event: 76.334 Thread 0x000001c46d211000 4304   !   3       jdk.internal.jimage.BasicImageReader::getResourceBuffer (201 bytes)
Event: 76.337 Thread 0x000001c46d211000 nmethod 4304 0x000001c45903b110 code [0x000001c45903b5a0, 0x000001c45903d458]
Event: 76.340 Thread 0x000001c46d20e800 nmethod 4303 0x000001c45fe5bf90 code [0x000001c45fe5c140, 0x000001c45fe5c418]
Event: 76.347 Thread 0x000001c46d20e800 4305       4       jdk.internal.jimage.BasicImageReader::getString (48 bytes)
Event: 76.402 Thread 0x000001c46d20e800 nmethod 4305 0x000001c45fe5c690 code [0x000001c45fe5c880, 0x000001c45fe5d698]
Event: 76.402 Thread 0x000001c46d20e800 4306       4       java.security.CodeSource::getCertificates (98 bytes)
Event: 76.404 Thread 0x000001c46d20e800 nmethod 4306 0x000001c45fe5e110 code [0x000001c45fe5e2a0, 0x000001c45fe5e338]
Event: 76.407 Thread 0x000001c46d20e800 4307       4       jdk.internal.jimage.BasicImageReader::getString (48 bytes)
Event: 76.413 Thread 0x000001c46d211000 4308       3       java.lang.invoke.LambdaForm::uncustomize (57 bytes)
Event: 76.414 Thread 0x000001c46d211000 nmethod 4308 0x000001c45903e190 code [0x000001c45903e360, 0x000001c45903e648]
Event: 76.416 Thread 0x000001c46d211000 4309       3       java.lang.invoke.MethodType::insertParameterTypes (121 bytes)
Event: 76.418 Thread 0x000001c46d211000 nmethod 4309 0x000001c45903e790 code [0x000001c45903ea80, 0x000001c45903f8d8]

GC Heap History (20 events):
Event: 4.969 GC heap before
{Heap before GC invocations=2 (full 0):
 garbage-first heap   total 90112K, used 27617K [0x00000000a8400000, 0x0000000100000000)
  region size 1024K, 24 young (24576K), 1 survivors (1024K)
 Metaspace       used 15878K, capacity 16188K, committed 16384K, reserved 1064960K
  class space    used 1606K, capacity 1729K, committed 1792K, reserved 1048576K
}
Event: 4.975 GC heap after
{Heap after GC invocations=3 (full 0):
 garbage-first heap   total 90112K, used 4872K [0x00000000a8400000, 0x0000000100000000)
  region size 1024K, 2 young (2048K), 2 survivors (2048K)
 Metaspace       used 15878K, capacity 16188K, committed 16384K, reserved 1064960K
  class space    used 1606K, capacity 1729K, committed 1792K, reserved 1048576K
}
Event: 6.930 GC heap before
{Heap before GC invocations=3 (full 0):
 garbage-first heap   total 90112K, used 34568K [0x00000000a8400000, 0x0000000100000000)
  region size 1024K, 32 young (32768K), 2 survivors (2048K)
 Metaspace       used 20779K, capacity 21115K, committed 21296K, reserved 1069056K
  class space    used 2210K, capacity 2358K, committed 2432K, reserved 1048576K
}
Event: 6.949 GC heap after
{Heap after GC invocations=4 (full 0):
 garbage-first heap   total 90112K, used 6579K [0x00000000a8400000, 0x0000000100000000)
  region size 1024K, 3 young (3072K), 3 survivors (3072K)
 Metaspace       used 20779K, capacity 21115K, committed 21296K, reserved 1069056K
  class space    used 2210K, capacity 2358K, committed 2432K, reserved 1048576K
}
Event: 10.322 GC heap before
{Heap before GC invocations=5 (full 0):
 garbage-first heap   total 90112K, used 56755K [0x00000000a8400000, 0x0000000100000000)
  region size 1024K, 52 young (53248K), 3 survivors (3072K)
 Metaspace       used 22014K, capacity 22430K, committed 22576K, reserved 1069056K
  class space    used 2300K, capacity 2429K, committed 2432K, reserved 1048576K
}
Event: 10.340 GC heap after
{Heap after GC invocations=6 (full 0):
 garbage-first heap   total 90112K, used 7949K [0x00000000a8400000, 0x0000000100000000)
  region size 1024K, 5 young (5120K), 5 survivors (5120K)
 Metaspace       used 22014K, capacity 22430K, committed 22576K, reserved 1069056K
  class space    used 2300K, capacity 2429K, committed 2432K, reserved 1048576K
}
Event: 12.965 GC heap before
{Heap before GC invocations=6 (full 0):
 garbage-first heap   total 90112K, used 56077K [0x00000000a8400000, 0x0000000100000000)
  region size 1024K, 52 young (53248K), 5 survivors (5120K)
 Metaspace       used 22490K, capacity 22920K, committed 23216K, reserved 1071104K
  class space    used 2343K, capacity 2467K, committed 2560K, reserved 1048576K
}
Event: 12.984 GC heap after
{Heap after GC invocations=7 (full 0):
 garbage-first heap   total 90112K, used 8626K [0x00000000a8400000, 0x0000000100000000)
  region size 1024K, 4 young (4096K), 4 survivors (4096K)
 Metaspace       used 22490K, capacity 22920K, committed 23216K, reserved 1071104K
  class space    used 2343K, capacity 2467K, committed 2560K, reserved 1048576K
}
Event: 15.636 GC heap before
{Heap before GC invocations=7 (full 0):
 garbage-first heap   total 90112K, used 57778K [0x00000000a8400000, 0x0000000100000000)
  region size 1024K, 52 young (53248K), 4 survivors (4096K)
 Metaspace       used 22663K, capacity 23114K, committed 23472K, reserved 1071104K
  class space    used 2344K, capacity 2467K, committed 2560K, reserved 1048576K
}
Event: 15.655 GC heap after
{Heap after GC invocations=8 (full 0):
 garbage-first heap   total 90112K, used 9529K [0x00000000a8400000, 0x0000000100000000)
  region size 1024K, 3 young (3072K), 3 survivors (3072K)
 Metaspace       used 22663K, capacity 23114K, committed 23472K, reserved 1071104K
  class space    used 2344K, capacity 2467K, committed 2560K, reserved 1048576K
}
Event: 21.020 GC heap before
{Heap before GC invocations=8 (full 0):
 garbage-first heap   total 90112K, used 59705K [0x00000000a8400000, 0x0000000100000000)
  region size 1024K, 52 young (53248K), 3 survivors (3072K)
 Metaspace       used 22812K, capacity 23179K, committed 23472K, reserved 1071104K
  class space    used 2345K, capacity 2467K, committed 2560K, reserved 1048576K
}
Event: 21.031 GC heap after
{Heap after GC invocations=9 (full 0):
 garbage-first heap   total 90112K, used 9827K [0x00000000a8400000, 0x0000000100000000)
  region size 1024K, 4 young (4096K), 4 survivors (4096K)
 Metaspace       used 22812K, capacity 23179K, committed 23472K, reserved 1071104K
  class space    used 2345K, capacity 2467K, committed 2560K, reserved 1048576K
}
Event: 57.693 GC heap before
{Heap before GC invocations=9 (full 0):
 garbage-first heap   total 90112K, used 58979K [0x00000000a8400000, 0x0000000100000000)
  region size 1024K, 52 young (53248K), 4 survivors (4096K)
 Metaspace       used 23606K, capacity 24137K, committed 24368K, reserved 1071104K
  class space    used 2434K, capacity 2573K, committed 2688K, reserved 1048576K
}
Event: 57.705 GC heap after
{Heap after GC invocations=10 (full 0):
 garbage-first heap   total 90112K, used 10859K [0x00000000a8400000, 0x0000000100000000)
  region size 1024K, 5 young (5120K), 5 survivors (5120K)
 Metaspace       used 23606K, capacity 24137K, committed 24368K, reserved 1071104K
  class space    used 2434K, capacity 2573K, committed 2688K, reserved 1048576K
}
Event: 69.175 GC heap before
{Heap before GC invocations=10 (full 0):
 garbage-first heap   total 90112K, used 58987K [0x00000000a8400000, 0x0000000100000000)
  region size 1024K, 52 young (53248K), 5 survivors (5120K)
 Metaspace       used 23775K, capacity 24353K, committed 24624K, reserved 1071104K
  class space    used 2440K, capacity 2581K, committed 2688K, reserved 1048576K
}
Event: 69.189 GC heap after
{Heap after GC invocations=11 (full 0):
 garbage-first heap   total 90112K, used 11288K [0x00000000a8400000, 0x0000000100000000)
  region size 1024K, 4 young (4096K), 4 survivors (4096K)
 Metaspace       used 23775K, capacity 24353K, committed 24624K, reserved 1071104K
  class space    used 2440K, capacity 2581K, committed 2688K, reserved 1048576K
}
Event: 73.890 GC heap before
{Heap before GC invocations=11 (full 0):
 garbage-first heap   total 90112K, used 60440K [0x00000000a8400000, 0x0000000100000000)
  region size 1024K, 52 young (53248K), 4 survivors (4096K)
 Metaspace       used 24178K, capacity 24706K, committed 24880K, reserved 1071104K
  class space    used 2464K, capacity 2613K, committed 2688K, reserved 1048576K
}
Event: 73.901 GC heap after
{Heap after GC invocations=12 (full 0):
 garbage-first heap   total 90112K, used 11930K [0x00000000a8400000, 0x0000000100000000)
  region size 1024K, 4 young (4096K), 4 survivors (4096K)
 Metaspace       used 24178K, capacity 24706K, committed 24880K, reserved 1071104K
  class space    used 2464K, capacity 2613K, committed 2688K, reserved 1048576K
}
Event: 76.432 GC heap before
{Heap before GC invocations=12 (full 0):
 garbage-first heap   total 90112K, used 54938K [0x00000000a8400000, 0x0000000100000000)
  region size 1024K, 47 young (48128K), 4 survivors (4096K)
 Metaspace       used 27499K, capacity 28092K, committed 28208K, reserved 1081344K
  class space    used 2913K, capacity 3109K, committed 3200K, reserved 1048576K
}
Event: 76.449 GC heap after
{Heap after GC invocations=13 (full 0):
 garbage-first heap   total 90112K, used 13282K [0x00000000a8400000, 0x0000000100000000)
  region size 1024K, 5 young (5120K), 5 survivors (5120K)
 Metaspace       used 27499K, capacity 28092K, committed 28208K, reserved 1081344K
  class space    used 2913K, capacity 3109K, committed 3200K, reserved 1048576K
}

Deoptimization events (20 events):
Event: 76.038 Thread 0x000001c44f9fa000 Uncommon trap: trap_request=0xffffff4d fr.pc=0x000001c45fdbc578 relative=0x0000000000000198
Event: 76.038 Thread 0x000001c44f9fa000 Uncommon trap: reason=unstable_if action=reinterpret pc=0x000001c45fdbc578 method=java.util.regex.Pattern$BmpCharPropertyGreedy.match(Ljava/util/regex/Matcher;ILjava/lang/CharSequence;)Z @ 31 c2
Event: 76.039 Thread 0x000001c44f9fa000 DEOPT PACKING pc=0x000001c45fdbc578 sp=0x00000045d8cfc220
Event: 76.039 Thread 0x000001c44f9fa000 DEOPT UNPACKING pc=0x000001c4581ba1a9 sp=0x00000045d8cfc1c0 mode 2
Event: 76.403 Thread 0x000001c44f9fa000 Uncommon trap: trap_request=0xffffffbe fr.pc=0x000001c45fe5d2cc relative=0x0000000000000a4c
Event: 76.403 Thread 0x000001c44f9fa000 Uncommon trap: reason=profile_predicate action=maybe_recompile pc=0x000001c45fe5d2cc method=jdk.internal.jimage.ImageStringsReader.charsFromByteBuffer([CLjava/nio/ByteBuffer;)V @ 6 c2
Event: 76.403 Thread 0x000001c44f9fa000 DEOPT PACKING pc=0x000001c45fe5d2cc sp=0x00000045d8cfb4a0
Event: 76.403 Thread 0x000001c44f9fa000 DEOPT UNPACKING pc=0x000001c4581ba1a9 sp=0x00000045d8cfb378 mode 2
Event: 76.403 Thread 0x000001c44f9fa000 Uncommon trap: trap_request=0xffffffbe fr.pc=0x000001c45fe5d2cc relative=0x0000000000000a4c
Event: 76.403 Thread 0x000001c44f9fa000 Uncommon trap: reason=profile_predicate action=maybe_recompile pc=0x000001c45fe5d2cc method=jdk.internal.jimage.ImageStringsReader.charsFromByteBuffer([CLjava/nio/ByteBuffer;)V @ 6 c2
Event: 76.403 Thread 0x000001c44f9fa000 DEOPT PACKING pc=0x000001c45fe5d2cc sp=0x00000045d8cfb390
Event: 76.403 Thread 0x000001c44f9fa000 DEOPT UNPACKING pc=0x000001c4581ba1a9 sp=0x00000045d8cfb268 mode 2
Event: 76.403 Thread 0x000001c44f9fa000 Uncommon trap: trap_request=0xffffffbe fr.pc=0x000001c45fe5d2cc relative=0x0000000000000a4c
Event: 76.403 Thread 0x000001c44f9fa000 Uncommon trap: reason=profile_predicate action=maybe_recompile pc=0x000001c45fe5d2cc method=jdk.internal.jimage.ImageStringsReader.charsFromByteBuffer([CLjava/nio/ByteBuffer;)V @ 6 c2
Event: 76.403 Thread 0x000001c44f9fa000 DEOPT PACKING pc=0x000001c45fe5d2cc sp=0x00000045d8cfb390
Event: 76.403 Thread 0x000001c44f9fa000 DEOPT UNPACKING pc=0x000001c4581ba1a9 sp=0x00000045d8cfb268 mode 2
Event: 76.403 Thread 0x000001c44f9fa000 Uncommon trap: trap_request=0xffffffbe fr.pc=0x000001c45fe5d2cc relative=0x0000000000000a4c
Event: 76.403 Thread 0x000001c44f9fa000 Uncommon trap: reason=profile_predicate action=maybe_recompile pc=0x000001c45fe5d2cc method=jdk.internal.jimage.ImageStringsReader.charsFromByteBuffer([CLjava/nio/ByteBuffer;)V @ 6 c2
Event: 76.403 Thread 0x000001c44f9fa000 DEOPT PACKING pc=0x000001c45fe5d2cc sp=0x00000045d8cfb390
Event: 76.403 Thread 0x000001c44f9fa000 DEOPT UNPACKING pc=0x000001c4581ba1a9 sp=0x00000045d8cfb268 mode 2

Classes redefined (0 events):
No events

Internal exceptions (20 events):
Event: 75.938 Thread 0x000001c44f9fa000 Exception <a 'java/io/IOException'{0x00000000ab349cb8}> (0x00000000ab349cb8) thrown at [./src/hotspot/share/prims/jni.cpp, line 617]
Event: 75.938 Thread 0x000001c44f9fa000 Exception <a 'java/io/IOException'{0x00000000ab34a368}> (0x00000000ab34a368) thrown at [./src/hotspot/share/prims/jni.cpp, line 617]
Event: 75.938 Thread 0x000001c44f9fa000 Exception <a 'java/io/IOException'{0x00000000ab34aa18}> (0x00000000ab34aa18) thrown at [./src/hotspot/share/prims/jni.cpp, line 617]
Event: 75.938 Thread 0x000001c44f9fa000 Exception <a 'java/io/IOException'{0x00000000ab34b0c8}> (0x00000000ab34b0c8) thrown at [./src/hotspot/share/prims/jni.cpp, line 617]
Event: 75.938 Thread 0x000001c44f9fa000 Exception <a 'java/io/IOException'{0x00000000ab34b778}> (0x00000000ab34b778) thrown at [./src/hotspot/share/prims/jni.cpp, line 617]
Event: 75.938 Thread 0x000001c44f9fa000 Exception <a 'java/io/IOException'{0x00000000ab34be28}> (0x00000000ab34be28) thrown at [./src/hotspot/share/prims/jni.cpp, line 617]
Event: 75.938 Thread 0x000001c44f9fa000 Exception <a 'java/io/IOException'{0x00000000ab34c4d8}> (0x00000000ab34c4d8) thrown at [./src/hotspot/share/prims/jni.cpp, line 617]
Event: 75.938 Thread 0x000001c44f9fa000 Exception <a 'java/io/IOException'{0x00000000ab34cb88}> (0x00000000ab34cb88) thrown at [./src/hotspot/share/prims/jni.cpp, line 617]
Event: 75.939 Thread 0x000001c44f9fa000 Exception <a 'java/io/IOException'{0x00000000ab34d238}> (0x00000000ab34d238) thrown at [./src/hotspot/share/prims/jni.cpp, line 617]
Event: 75.939 Thread 0x000001c44f9fa000 Exception <a 'java/io/IOException'{0x00000000ab34d8e8}> (0x00000000ab34d8e8) thrown at [./src/hotspot/share/prims/jni.cpp, line 617]
Event: 75.939 Thread 0x000001c44f9fa000 Exception <a 'java/io/IOException'{0x00000000ab34dfb0}> (0x00000000ab34dfb0) thrown at [./src/hotspot/share/prims/jni.cpp, line 617]
Event: 75.939 Thread 0x000001c44f9fa000 Exception <a 'java/io/IOException'{0x00000000ab34e660}> (0x00000000ab34e660) thrown at [./src/hotspot/share/prims/jni.cpp, line 617]
Event: 75.939 Thread 0x000001c44f9fa000 Exception <a 'java/io/IOException'{0x00000000ab34ecb0}> (0x00000000ab34ecb0) thrown at [./src/hotspot/share/prims/jni.cpp, line 617]
Event: 75.939 Thread 0x000001c44f9fa000 Exception <a 'java/io/IOException'{0x00000000ab34f300}> (0x00000000ab34f300) thrown at [./src/hotspot/share/prims/jni.cpp, line 617]
Event: 76.201 Thread 0x000001c44f9fa000 Exception <a 'sun/nio/fs/WindowsException'{0x00000000ab28bac0}> (0x00000000ab28bac0) thrown at [./src/hotspot/share/prims/jni.cpp, line 617]
Event: 76.204 Thread 0x000001c44f9fa000 Exception <a 'sun/nio/fs/WindowsException'{0x00000000ab28cab8}> (0x00000000ab28cab8) thrown at [./src/hotspot/share/prims/jni.cpp, line 617]
Event: 76.206 Thread 0x000001c44f9fa000 Exception <a 'sun/nio/fs/WindowsException'{0x00000000ab28ed70}> (0x00000000ab28ed70) thrown at [./src/hotspot/share/prims/jni.cpp, line 617]
Event: 76.230 Thread 0x000001c44f9fa000 Exception <a 'sun/nio/fs/WindowsException'{0x00000000ab2bed88}> (0x00000000ab2bed88) thrown at [./src/hotspot/share/prims/jni.cpp, line 617]
Event: 76.230 Thread 0x000001c44f9fa000 Exception <a 'sun/nio/fs/WindowsException'{0x00000000ab2bf020}> (0x00000000ab2bf020) thrown at [./src/hotspot/share/prims/jni.cpp, line 617]
Event: 76.235 Thread 0x000001c44f9fa000 Exception <a 'java/lang/NoSuchMethodError'{0x00000000ab2c6d50}: 'int java.lang.invoke.DirectMethodHandle$Holder.invokeVirtual(java.lang.Object, java.lang.Object, java.lang.Object)'> (0x00000000ab2c6d50) thrown at [./src/hotspot/share/interpreter/linkResolver.cpp, line 773]

Events (20 events):
Event: 76.279 loading class com/sun/tools/javac/code/Symbol done
Event: 76.279 loading class com/sun/tools/javac/code/ClassFinder
Event: 76.279 loading class com/sun/tools/javac/code/ClassFinder done
Event: 76.287 loading class java/nio/file/ClosedFileSystemException
Event: 76.287 loading class java/nio/file/ClosedFileSystemException done
Event: 76.413 loading class com/sun/tools/javac/util/Name
Event: 76.413 loading class com/sun/tools/javac/util/Name done
Event: 76.413 loading class com/sun/tools/javac/util/Name
Event: 76.413 loading class com/sun/tools/javac/util/Name done
Event: 76.415 loading class com/sun/tools/javac/code/Symbol
Event: 76.415 loading class com/sun/tools/javac/code/Symbol done
Event: 76.415 loading class com/sun/tools/javac/code/Symbol
Event: 76.415 loading class com/sun/tools/javac/code/Symbol done
Event: 76.415 loading class com/sun/tools/javac/code/Symtab
Event: 76.415 loading class com/sun/tools/javac/code/Symtab done
Event: 76.415 loading class com/sun/tools/javac/code/Symbol
Event: 76.415 loading class com/sun/tools/javac/code/Symbol done
Event: 76.416 loading class com/sun/tools/javac/code/Symtab
Event: 76.416 loading class com/sun/tools/javac/code/Symtab done
Event: 76.432 Executing VM operation: CollectForMetadataAllocation


Dynamic libraries:
0x00007ff618640000 - 0x00007ff61864d000 	C:\Users\Юыќур\.jdks\corretto-11.0.15\bin\java.exe
0x00007ffc95730000 - 0x00007ffc95928000 	C:\WINDOWS\SYSTEM32\ntdll.dll
0x00007ffc94c50000 - 0x00007ffc94d0d000 	C:\WINDOWS\System32\KERNEL32.DLL
0x00007ffc933f0000 - 0x00007ffc936be000 	C:\WINDOWS\System32\KERNELBASE.dll
0x00007ffc932f0000 - 0x00007ffc933f0000 	C:\WINDOWS\System32\ucrtbase.dll
0x00007ffc8e970000 - 0x00007ffc8e987000 	C:\Users\Юыќур\.jdks\corretto-11.0.15\bin\jli.dll
0x00007ffc8e8e0000 - 0x00007ffc8e8f9000 	C:\Users\Юыќур\.jdks\corretto-11.0.15\bin\VCRUNTIME140.dll
0x00007ffc93ae0000 - 0x00007ffc93c80000 	C:\WINDOWS\System32\USER32.dll
0x00007ffc932c0000 - 0x00007ffc932e2000 	C:\WINDOWS\System32\win32u.dll
0x00007ffc830c0000 - 0x00007ffc8335a000 	C:\WINDOWS\WinSxS\amd64_microsoft.windows.common-controls_6595b64144ccf1df_6.0.19041.1110_none_60b5254171f9507e\COMCTL32.dll
0x00007ffc94480000 - 0x00007ffc944aa000 	C:\WINDOWS\System32\GDI32.dll
0x00007ffc93a40000 - 0x00007ffc93ade000 	C:\WINDOWS\System32\msvcrt.dll
0x00007ffc93140000 - 0x00007ffc9324b000 	C:\WINDOWS\System32\gdi32full.dll
0x00007ffc936c0000 - 0x00007ffc9375d000 	C:\WINDOWS\System32\msvcp_win.dll
0x00007ffc942b0000 - 0x00007ffc942e0000 	C:\WINDOWS\System32\IMM32.DLL
0x00007ffc7fce0000 - 0x00007ffc7fd7b000 	C:\Users\Юыќур\.jdks\corretto-11.0.15\bin\msvcp140.dll
0x00007ffc3ff80000 - 0x00007ffc40b03000 	C:\Users\Юыќур\.jdks\corretto-11.0.15\bin\server\jvm.dll
0x00007ffc94ba0000 - 0x00007ffc94c4e000 	C:\WINDOWS\System32\ADVAPI32.dll
0x00007ffc95610000 - 0x00007ffc956ac000 	C:\WINDOWS\System32\sechost.dll
0x00007ffc93880000 - 0x00007ffc939a5000 	C:\WINDOWS\System32\RPCRT4.dll
0x00007ffc93a30000 - 0x00007ffc93a38000 	C:\WINDOWS\System32\PSAPI.DLL
0x00007ffc89d60000 - 0x00007ffc89d87000 	C:\WINDOWS\SYSTEM32\WINMM.dll
0x00007ffc8eb00000 - 0x00007ffc8eb09000 	C:\WINDOWS\SYSTEM32\WSOCK32.dll
0x00007ffc89d90000 - 0x00007ffc89d9a000 	C:\WINDOWS\SYSTEM32\VERSION.dll
0x00007ffc943a0000 - 0x00007ffc9440b000 	C:\WINDOWS\System32\WS2_32.dll
0x00007ffc90d20000 - 0x00007ffc90d32000 	C:\WINDOWS\SYSTEM32\kernel.appcore.dll
0x00007ffc8c830000 - 0x00007ffc8c840000 	C:\Users\Юыќур\.jdks\corretto-11.0.15\bin\verify.dll
0x00007ffc810b0000 - 0x00007ffc81294000 	C:\WINDOWS\SYSTEM32\DBGHELP.DLL
0x00007ffc81080000 - 0x00007ffc810ac000 	C:\WINDOWS\SYSTEM32\dbgcore.DLL
0x00007ffc930b0000 - 0x00007ffc93132000 	C:\WINDOWS\System32\bcryptPrimitives.dll
0x00007ffc7fcb0000 - 0x00007ffc7fcd8000 	C:\Users\Юыќур\.jdks\corretto-11.0.15\bin\java.dll
0x00007ffc8c820000 - 0x00007ffc8c82a000 	C:\Users\Юыќур\.jdks\corretto-11.0.15\bin\jimage.dll
0x00007ffc8d270000 - 0x00007ffc8d27e000 	C:\Users\Юыќур\.jdks\corretto-11.0.15\bin\instrument.dll
0x00007ffc87d40000 - 0x00007ffc87d58000 	C:\Users\Юыќур\.jdks\corretto-11.0.15\bin\zip.dll
0x00007ffc94d10000 - 0x00007ffc95454000 	C:\WINDOWS\System32\SHELL32.dll
0x00007ffc90f20000 - 0x00007ffc916b4000 	C:\WINDOWS\SYSTEM32\windows.storage.dll
0x00007ffc945c0000 - 0x00007ffc94914000 	C:\WINDOWS\System32\combase.dll
0x00007ffc92880000 - 0x00007ffc928b0000 	C:\WINDOWS\SYSTEM32\Wldp.dll
0x00007ffc94920000 - 0x00007ffc949cd000 	C:\WINDOWS\System32\SHCORE.dll
0x00007ffc94420000 - 0x00007ffc94475000 	C:\WINDOWS\System32\shlwapi.dll
0x00007ffc92d60000 - 0x00007ffc92d7f000 	C:\WINDOWS\SYSTEM32\profapi.dll
0x00007ffc830a0000 - 0x00007ffc830b9000 	C:\Users\Юыќур\.jdks\corretto-11.0.15\bin\net.dll
0x00007ffc848f0000 - 0x00007ffc849fa000 	C:\WINDOWS\SYSTEM32\WINHTTP.dll
0x00007ffc925e0000 - 0x00007ffc9264a000 	C:\WINDOWS\system32\mswsock.dll
0x00007ffc809f0000 - 0x00007ffc80a03000 	C:\Users\Юыќур\.jdks\corretto-11.0.15\bin\nio.dll
0x00007ffc8d250000 - 0x00007ffc8d26a000 	C:\Program Files\JetBrains\IntelliJ IDEA Community Edition 2022.1.2\bin\breakgen64.dll
0x00007ffc927e0000 - 0x00007ffc927f8000 	C:\WINDOWS\SYSTEM32\CRYPTSP.dll
0x00007ffc91ef0000 - 0x00007ffc91f24000 	C:\WINDOWS\system32\rsaenh.dll
0x00007ffc92e20000 - 0x00007ffc92e47000 	C:\WINDOWS\System32\bcrypt.dll
0x00007ffc92ce0000 - 0x00007ffc92d0e000 	C:\WINDOWS\SYSTEM32\USERENV.dll
0x00007ffc927d0000 - 0x00007ffc927dc000 	C:\WINDOWS\SYSTEM32\CRYPTBASE.dll
0x00007ffc92280000 - 0x00007ffc922bb000 	C:\WINDOWS\SYSTEM32\IPHLPAPI.DLL
0x00007ffc94410000 - 0x00007ffc94418000 	C:\WINDOWS\System32\NSI.dll
0x00007ffc890a0000 - 0x00007ffc890b7000 	C:\WINDOWS\SYSTEM32\dhcpcsvc6.DLL
0x00007ffc89330000 - 0x00007ffc8934d000 	C:\WINDOWS\SYSTEM32\dhcpcsvc.DLL
0x00007ffc922c0000 - 0x00007ffc9238b000 	C:\WINDOWS\SYSTEM32\DNSAPI.dll
0x00007ffc8e960000 - 0x00007ffc8e96a000 	C:\Users\Юыќур\AppData\Local\Temp\jansi-1.17.1-6840052678159411694.dll
0x00007ffc8e950000 - 0x00007ffc8e95a000 	C:\Users\Юыќур\AppData\Local\Temp\jansi-1.17.1-15427760061367707312.dll

dbghelp: loaded successfully - version: 4.0.5 - missing functions: none
symbol engine: initialized successfully - sym options: 0x614 - pdb path: .;C:\Users\Юыќур\.jdks\corretto-11.0.15\bin;C:\WINDOWS\SYSTEM32;C:\WINDOWS\WinSxS\amd64_microsoft.windows.common-controls_6595b64144ccf1df_6.0.19041.1110_none_60b5254171f9507e;C:\Users\Юыќур\.jdks\corretto-11.0.15\bin\server;C:\Program Files\JetBrains\IntelliJ IDEA Community Edition 2022.1.2\bin;C:\Users\Юыќур\AppData\Local\Temp

VM Arguments:
jvm_args: -Dmaven.multiModuleProjectDirectory=C:\Users\Olga\IdeaProjects\Maven10 -Dmaven.home=C:\Program Files\JetBrains\IntelliJ IDEA Community Edition 2022.1.2\plugins\maven\lib\maven3 -Dclassworlds.conf=C:\Program Files\JetBrains\IntelliJ IDEA Community Edition 2022.1.2\plugins\maven\lib\maven3\bin\m2.conf -Dmaven.ext.class.path=C:\Program Files\JetBrains\IntelliJ IDEA Community Edition 2022.1.2\plugins\maven\lib\maven-event-listener.jar -javaagent:C:\Program Files\JetBrains\IntelliJ IDEA Community Edition 2022.1.2\lib\idea_rt.jar=58252:C:\Program Files\JetBrains\IntelliJ IDEA Community Edition 2022.1.2\bin -Dfile.encoding=UTF-8 
java_command: org.codehaus.classworlds.Launcher -Didea.version=2022.1.2 clean verify
java_class_path (initial): C:\Program Files\JetBrains\IntelliJ IDEA Community Edition 2022.1.2\plugins\maven\lib\maven3\boot\plexus-classworlds-2.6.0.jar;C:\Program Files\JetBrains\IntelliJ IDEA Community Edition 2022.1.2\plugins\maven\lib\maven3\boot\plexus-classworlds.license
Launcher Type: SUN_STANDARD

[Global flags]
     intx CICompilerCount                          = 3                                         {product} {ergonomic}
     uint ConcGCThreads                            = 1                                         {product} {ergonomic}
     uint G1ConcRefinementThreads                  = 4                                         {product} {ergonomic}
   size_t G1HeapRegionSize                         = 1048576                                   {product} {ergonomic}
    uintx GCDrainStackTargetSize                   = 64                                        {product} {ergonomic}
   size_t InitialHeapSize                          = 92274688                                  {product} {ergonomic}
   size_t MarkStackSize                            = 4194304                                   {product} {ergonomic}
   size_t MaxHeapSize                              = 1472200704                                {product} {ergonomic}
   size_t MaxNewSize                               = 882900992                                 {product} {ergonomic}
   size_t MinHeapDeltaBytes                        = 1048576                                   {product} {ergonomic}
    uintx NonNMethodCodeHeapSize                   = 5830732                                {pd product} {ergonomic}
    uintx NonProfiledCodeHeapSize                  = 122913754                              {pd product} {ergonomic}
    uintx ProfiledCodeHeapSize                     = 122913754                              {pd product} {ergonomic}
    uintx ReservedCodeCacheSize                    = 251658240                              {pd product} {ergonomic}
     bool SegmentedCodeCache                       = true                                      {product} {ergonomic}
     bool UseCompressedClassPointers               = true                                 {lp64_product} {ergonomic}
     bool UseCompressedOops                        = true                                 {lp64_product} {ergonomic}
     bool UseG1GC                                  = true                                      {product} {ergonomic}
     bool UseLargePagesIndividualAllocation        = false                                  {pd product} {ergonomic}

Logging:
Log output configuration:
 #0: stdout all=warning uptime,level,tags
 #1: stderr all=off uptime,level,tags

Environment Variables:
PATH=C:\Program Files\Eclipse Adoptium\jdk-11.0.14.101-hotspot\bin;C:\WINDOWS\system32;C:\WINDOWS;C:\WINDOWS\System32\Wbem;C:\WINDOWS\System32\WindowsPowerShell\v1.0\;C:\WINDOWS\System32\OpenSSH\;C:\Program Files (x86)\ATI Technologies\ATI.ACE\Core-Static;C:\Program Files\Git\cmd;C:\Users\Юыќур\AppData\Local\Microsoft\WindowsApps;;C:\Users\Юыќур\AppData\Local\Programs\Microsoft VS Code\bin;C:\Program Files\JetBrains\IntelliJ IDEA Community Edition 2022.1.2\bin;
USERNAME=Юыќур
OS=Windows_NT
PROCESSOR_IDENTIFIER=AMD64 Family 18 Model 1 Stepping 0, AuthenticAMD



---------------  S Y S T E M  ---------------

OS: Windows 10 , 64 bit Build 19041 (10.0.19041.1806)
OS uptime: 1 days 2:07 hours

CPU:total 4 (initial active 4) (4 cores per cpu, 1 threads per core) family 18 model 1 stepping 0 microcode 0x0, cmov, cx8, fxsr, mmx, sse, sse2, sse3, popcnt, mmxext, 3dnowpref, lzcnt, sse4a, tsc, tscinvbit, tscinv

Memory: 4k page, system-wide physical 5611M (521M free)
TotalPageFile size 5611M (AvailPageFile size 2M)
current process WorkingSet (physical memory assigned to process): 159M, peak: 159M
current process commit charge ("private bytes"): 212M, peak: 216M

vm_info: OpenJDK 64-Bit Server VM (11.0.15+9-LTS) for windows-amd64 JRE (11.0.15+9-LTS), built on Apr 15 2022 22:20:31 by "Administrator" with unknown MS VC++:1916

END.
